13:32:00 **** Incremental Build of project ProprietaireQt ****
make debug 
/usr/lib/i386-linux-gnu/qt4/bin/qmake CONFIG+=debug_and_release -o Makefile ProprietaireQt.pro
make -f Makefile.Debug
make[1] : on entre dans le répertoire « /home/etudiant/Documents/TP4/ProprietaireQt »
/usr/lib/i386-linux-gnu/qt4/bin/uic promenadeqt.ui -o ui_promenadeqt.h
g++ -c -pipe -g -Wall -W -D_REENTRANT -DQT_GUI_LIB -DQT_CORE_LIB -DQT_SHARED -I/usr/share/qt4/mkspecs/linux-g++ -I. -I/usr/include/qt4/QtCore -I/usr/include/qt4/QtGui -I/usr/include/qt4 -I../source -Idebug -I. -o debug/promenadeqt.o promenadeqt.cpp
g++ -c -pipe -g -Wall -W -D_REENTRANT -DQT_GUI_LIB -DQT_CORE_LIB -DQT_SHARED -I/usr/share/qt4/mkspecs/linux-g++ -I. -I/usr/include/qt4/QtCore -I/usr/include/qt4/QtGui -I/usr/include/qt4 -I../source -Idebug -I. -o debug/proprietaireqt.o proprietaireqt.cpp
/usr/lib/i386-linux-gnu/qt4/bin/moc -DQT_GUI_LIB -DQT_CORE_LIB -DQT_SHARED -I/usr/share/qt4/mkspecs/linux-g++ -I. -I/usr/include/qt4/QtCore -I/usr/include/qt4/QtGui -I/usr/include/qt4 -I../source -Idebug -I. promenadeqt.h -o debug/moc_promenadeqt.cpp
g++ -c -pipe -g -Wall -W -D_REENTRANT -DQT_GUI_LIB -DQT_CORE_LIB -DQT_SHARED -I/usr/share/qt4/mkspecs/linux-g++ -I. -I/usr/include/qt4/QtCore -I/usr/include/qt4/QtGui -I/usr/include/qt4 -I../source -Idebug -I. -o debug/moc_promenadeqt.o debug/moc_promenadeqt.cpp
g++  -o ProprietaireQt debug/promenadeqt.o debug/main.o debug/proprietaireqt.o debug/moc_promenadeqt.o debug/moc_proprietaireqt.o    -L/usr/lib/i386-linux-gnu ../source/Debug/libsource.a -lQtGui -lQtCore -lpthread 
{ test -n "" && DESTDIR="" || DESTDIR=.; } && test $(gdb --version | sed -e 's,[^0-9][^0-9]*\([0-9]\)\.\([0-9]\).*,\1\2,;q') -gt 72 && gdb --nx --batch --quiet -ex 'set confirm off' -ex "save gdb-index $DESTDIR" -ex quit 'ProprietaireQt' && test -f ProprietaireQt.gdb-index && objcopy --add-section '.gdb_index=ProprietaireQt.gdb-index' --set-section-flags '.gdb_index=readonly' 'ProprietaireQt' 'ProprietaireQt' && rm -f ProprietaireQt.gdb-index || true
make[1] : on quitte le répertoire « /home/etudiant/Documents/TP4/ProprietaireQt »
13:41:57 **** Incremental Build of project ProprietaireQt ****
make debug 
make -f Makefile.Debug
make[1] : on entre dans le répertoire « /home/etudiant/Documents/TP4/ProprietaireQt »
g++ -c -pipe -g -Wall -W -D_REENTRANT -DQT_GUI_LIB -DQT_CORE_LIB -DQT_SHARED -I/usr/share/qt4/mkspecs/linux-g++ -I. -I/usr/include/qt4/QtCore -I/usr/include/qt4/QtGui -I/usr/include/qt4 -I../source -Idebug -I. -o debug/proprietaireqt.o proprietaireqt.cpp
g++  -o ProprietaireQt debug/promenadeqt.o debug/main.o debug/proprietaireqt.o debug/moc_promenadeqt.o debug/moc_proprietaireqt.o    -L/usr/lib/i386-linux-gnu ../source/Debug/libsource.a -lQtGui -lQtCore -lpthread 
{ test -n "" && DESTDIR="" || DESTDIR=.; } && test $(gdb --version | sed -e 's,[^0-9][^0-9]*\([0-9]\)\.\([0-9]\).*,\1\2,;q') -gt 72 && gdb --nx --batch --quiet -ex 'set confirm off' -ex "save gdb-index $DESTDIR" -ex quit 'ProprietaireQt' && test -f ProprietaireQt.gdb-index && objcopy --add-section '.gdb_index=ProprietaireQt.gdb-index' --set-section-flags '.gdb_index=readonly' 'ProprietaireQt' 'ProprietaireQt' && rm -f ProprietaireQt.gdb-index || true
make[1] : on quitte le répertoire « /home/etudiant/Documents/TP4/ProprietaireQt »
13:42:19 **** Incremental Build of project ProprietaireQt ****
make debug 
make -f Makefile.Debug
make[1] : on entre dans le répertoire « /home/etudiant/Documents/TP4/ProprietaireQt »
g++ -c -pipe -g -Wall -W -D_REENTRANT -DQT_GUI_LIB -DQT_CORE_LIB -DQT_SHARED -I/usr/share/qt4/mkspecs/linux-g++ -I. -I/usr/include/qt4/QtCore -I/usr/include/qt4/QtGui -I/usr/include/qt4 -I../source -Idebug -I. -o debug/proprietaireqt.o proprietaireqt.cpp
g++  -o ProprietaireQt debug/promenadeqt.o debug/main.o debug/proprietaireqt.o debug/moc_promenadeqt.o debug/moc_proprietaireqt.o    -L/usr/lib/i386-linux-gnu ../source/Debug/libsource.a -lQtGui -lQtCore -lpthread 
{ test -n "" && DESTDIR="" || DESTDIR=.; } && test $(gdb --version | sed -e 's,[^0-9][^0-9]*\([0-9]\)\.\([0-9]\).*,\1\2,;q') -gt 72 && gdb --nx --batch --quiet -ex 'set confirm off' -ex "save gdb-index $DESTDIR" -ex quit 'ProprietaireQt' && test -f ProprietaireQt.gdb-index && objcopy --add-section '.gdb_index=ProprietaireQt.gdb-index' --set-section-flags '.gdb_index=readonly' 'ProprietaireQt' 'ProprietaireQt' && rm -f ProprietaireQt.gdb-index || true
make[1] : on quitte le répertoire « /home/etudiant/Documents/TP4/ProprietaireQt »
13:53:46 **** Incremental Build of project ProprietaireQt ****
make debug 
make -f Makefile.Debug
make[1] : on entre dans le répertoire « /home/etudiant/Documents/TP4/ProprietaireQt »
/usr/lib/i386-linux-gnu/qt4/bin/uic proprietaireqt.ui -o ui_proprietaireqt.h
g++ -c -pipe -g -Wall -W -D_REENTRANT -DQT_GUI_LIB -DQT_CORE_LIB -DQT_SHARED -I/usr/share/qt4/mkspecs/linux-g++ -I. -I/usr/include/qt4/QtCore -I/usr/include/qt4/QtGui -I/usr/include/qt4 -I../source -Idebug -I. -o debug/main.o main.cpp
g++ -c -pipe -g -Wall -W -D_REENTRANT -DQT_GUI_LIB -DQT_CORE_LIB -DQT_SHARED -I/usr/share/qt4/mkspecs/linux-g++ -I. -I/usr/include/qt4/QtCore -I/usr/include/qt4/QtGui -I/usr/include/qt4 -I../source -Idebug -I. -o debug/proprietaireqt.o proprietaireqt.cpp
/usr/lib/i386-linux-gnu/qt4/bin/moc -DQT_GUI_LIB -DQT_CORE_LIB -DQT_SHARED -I/usr/share/qt4/mkspecs/linux-g++ -I. -I/usr/include/qt4/QtCore -I/usr/include/qt4/QtGui -I/usr/include/qt4 -I../source -Idebug -I. proprietaireqt.h -o debug/moc_proprietaireqt.cpp
g++ -c -pipe -g -Wall -W -D_REENTRANT -DQT_GUI_LIB -DQT_CORE_LIB -DQT_SHARED -I/usr/share/qt4/mkspecs/linux-g++ -I. -I/usr/include/qt4/QtCore -I/usr/include/qt4/QtGui -I/usr/include/qt4 -I../source -Idebug -I. -o debug/moc_proprietaireqt.o debug/moc_proprietaireqt.cpp
g++  -o ProprietaireQt debug/promenadeqt.o debug/main.o debug/proprietaireqt.o debug/moc_promenadeqt.o debug/moc_proprietaireqt.o    -L/usr/lib/i386-linux-gnu ../source/Debug/libsource.a -lQtGui -lQtCore -lpthread 
{ test -n "" && DESTDIR="" || DESTDIR=.; } && test $(gdb --version | sed -e 's,[^0-9][^0-9]*\([0-9]\)\.\([0-9]\).*,\1\2,;q') -gt 72 && gdb --nx --batch --quiet -ex 'set confirm off' -ex "save gdb-index $DESTDIR" -ex quit 'ProprietaireQt' && test -f ProprietaireQt.gdb-index && objcopy --add-section '.gdb_index=ProprietaireQt.gdb-index' --set-section-flags '.gdb_index=readonly' 'ProprietaireQt' 'ProprietaireQt' && rm -f ProprietaireQt.gdb-index || true
make[1] : on quitte le répertoire « /home/etudiant/Documents/TP4/ProprietaireQt »
13:54:29 **** Incremental Build of project ProprietaireQt ****
make debug 
make -f Makefile.Debug
make[1] : on entre dans le répertoire « /home/etudiant/Documents/TP4/ProprietaireQt »
g++ -c -pipe -g -Wall -W -D_REENTRANT -DQT_GUI_LIB -DQT_CORE_LIB -DQT_SHARED -I/usr/share/qt4/mkspecs/linux-g++ -I. -I/usr/include/qt4/QtCore -I/usr/include/qt4/QtGui -I/usr/include/qt4 -I../source -Idebug -I. -o debug/proprietaireqt.o proprietaireqt.cpp
g++  -o ProprietaireQt debug/promenadeqt.o debug/main.o debug/proprietaireqt.o debug/moc_promenadeqt.o debug/moc_proprietaireqt.o    -L/usr/lib/i386-linux-gnu ../source/Debug/libsource.a -lQtGui -lQtCore -lpthread 
{ test -n "" && DESTDIR="" || DESTDIR=.; } && test $(gdb --version | sed -e 's,[^0-9][^0-9]*\([0-9]\)\.\([0-9]\).*,\1\2,;q') -gt 72 && gdb --nx --batch --quiet -ex 'set confirm off' -ex "save gdb-index $DESTDIR" -ex quit 'ProprietaireQt' && test -f ProprietaireQt.gdb-index && objcopy --add-section '.gdb_index=ProprietaireQt.gdb-index' --set-section-flags '.gdb_index=readonly' 'ProprietaireQt' 'ProprietaireQt' && rm -f ProprietaireQt.gdb-index || true
make[1] : on quitte le répertoire « /home/etudiant/Documents/TP4/ProprietaireQt »
13:55:37 **** Incremental Build of project ProprietaireQt ****
make debug 
make -f Makefile.Debug
make[1] : on entre dans le répertoire « /home/etudiant/Documents/TP4/ProprietaireQt »
g++ -c -pipe -g -Wall -W -D_REENTRANT -DQT_GUI_LIB -DQT_CORE_LIB -DQT_SHARED -I/usr/share/qt4/mkspecs/linux-g++ -I. -I/usr/include/qt4/QtCore -I/usr/include/qt4/QtGui -I/usr/include/qt4 -I../source -Idebug -I. -o debug/proprietaireqt.o proprietaireqt.cpp
g++  -o ProprietaireQt debug/promenadeqt.o debug/main.o debug/proprietaireqt.o debug/moc_promenadeqt.o debug/moc_proprietaireqt.o    -L/usr/lib/i386-linux-gnu ../source/Debug/libsource.a -lQtGui -lQtCore -lpthread 
{ test -n "" && DESTDIR="" || DESTDIR=.; } && test $(gdb --version | sed -e 's,[^0-9][^0-9]*\([0-9]\)\.\([0-9]\).*,\1\2,;q') -gt 72 && gdb --nx --batch --quiet -ex 'set confirm off' -ex "save gdb-index $DESTDIR" -ex quit 'ProprietaireQt' && test -f ProprietaireQt.gdb-index && objcopy --add-section '.gdb_index=ProprietaireQt.gdb-index' --set-section-flags '.gdb_index=readonly' 'ProprietaireQt' 'ProprietaireQt' && rm -f ProprietaireQt.gdb-index || true
make[1] : on quitte le répertoire « /home/etudiant/Documents/TP4/ProprietaireQt »
14:09:22 **** Incremental Build of project ProprietaireQt ****
make debug 
make -f Makefile.Debug
make[1] : on entre dans le répertoire « /home/etudiant/Documents/TP4/ProprietaireQt »
/usr/lib/i386-linux-gnu/qt4/bin/uic promenadeqt.ui -o ui_promenadeqt.h
g++ -c -pipe -g -Wall -W -D_REENTRANT -DQT_GUI_LIB -DQT_CORE_LIB -DQT_SHARED -I/usr/share/qt4/mkspecs/linux-g++ -I. -I/usr/include/qt4/QtCore -I/usr/include/qt4/QtGui -I/usr/include/qt4 -I../source -Idebug -I. -o debug/promenadeqt.o promenadeqt.cpp
g++ -c -pipe -g -Wall -W -D_REENTRANT -DQT_GUI_LIB -DQT_CORE_LIB -DQT_SHARED -I/usr/share/qt4/mkspecs/linux-g++ -I. -I/usr/include/qt4/QtCore -I/usr/include/qt4/QtGui -I/usr/include/qt4 -I../source -Idebug -I. -o debug/proprietaireqt.o proprietaireqt.cpp
/usr/lib/i386-linux-gnu/qt4/bin/moc -DQT_GUI_LIB -DQT_CORE_LIB -DQT_SHARED -I/usr/share/qt4/mkspecs/linux-g++ -I. -I/usr/include/qt4/QtCore -I/usr/include/qt4/QtGui -I/usr/include/qt4 -I../source -Idebug -I. promenadeqt.h -o debug/moc_promenadeqt.cpp
g++ -c -pipe -g -Wall -W -D_REENTRANT -DQT_GUI_LIB -DQT_CORE_LIB -DQT_SHARED -I/usr/share/qt4/mkspecs/linux-g++ -I. -I/usr/include/qt4/QtCore -I/usr/include/qt4/QtGui -I/usr/include/qt4 -I../source -Idebug -I. -o debug/moc_promenadeqt.o debug/moc_promenadeqt.cpp
g++  -o ProprietaireQt debug/promenadeqt.o debug/main.o debug/proprietaireqt.o debug/moc_promenadeqt.o debug/moc_proprietaireqt.o    -L/usr/lib/i386-linux-gnu ../source/Debug/libsource.a -lQtGui -lQtCore -lpthread 
{ test -n "" && DESTDIR="" || DESTDIR=.; } && test $(gdb --version | sed -e 's,[^0-9][^0-9]*\([0-9]\)\.\([0-9]\).*,\1\2,;q') -gt 72 && gdb --nx --batch --quiet -ex 'set confirm off' -ex "save gdb-index $DESTDIR" -ex quit 'ProprietaireQt' && test -f ProprietaireQt.gdb-index && objcopy --add-section '.gdb_index=ProprietaireQt.gdb-index' --set-section-flags '.gdb_index=readonly' 'ProprietaireQt' 'ProprietaireQt' && rm -f ProprietaireQt.gdb-index || true
make[1] : on quitte le répertoire « /home/etudiant/Documents/TP4/ProprietaireQt »
14:09:58 **** Incremental Build of project ProprietaireQt ****
make debug 
make -f Makefile.Debug
make[1] : on entre dans le répertoire « /home/etudiant/Documents/TP4/ProprietaireQt »
/usr/lib/i386-linux-gnu/qt4/bin/uic promenadeqt.ui -o ui_promenadeqt.h
g++ -c -pipe -g -Wall -W -D_REENTRANT -DQT_GUI_LIB -DQT_CORE_LIB -DQT_SHARED -I/usr/share/qt4/mkspecs/linux-g++ -I. -I/usr/include/qt4/QtCore -I/usr/include/qt4/QtGui -I/usr/include/qt4 -I../source -Idebug -I. -o debug/promenadeqt.o promenadeqt.cpp
g++ -c -pipe -g -Wall -W -D_REENTRANT -DQT_GUI_LIB -DQT_CORE_LIB -DQT_SHARED -I/usr/share/qt4/mkspecs/linux-g++ -I. -I/usr/include/qt4/QtCore -I/usr/include/qt4/QtGui -I/usr/include/qt4 -I../source -Idebug -I. -o debug/proprietaireqt.o proprietaireqt.cpp
/usr/lib/i386-linux-gnu/qt4/bin/moc -DQT_GUI_LIB -DQT_CORE_LIB -DQT_SHARED -I/usr/share/qt4/mkspecs/linux-g++ -I. -I/usr/include/qt4/QtCore -I/usr/include/qt4/QtGui -I/usr/include/qt4 -I../source -Idebug -I. promenadeqt.h -o debug/moc_promenadeqt.cpp
g++ -c -pipe -g -Wall -W -D_REENTRANT -DQT_GUI_LIB -DQT_CORE_LIB -DQT_SHARED -I/usr/share/qt4/mkspecs/linux-g++ -I. -I/usr/include/qt4/QtCore -I/usr/include/qt4/QtGui -I/usr/include/qt4 -I../source -Idebug -I. -o debug/moc_promenadeqt.o debug/moc_promenadeqt.cpp
g++  -o ProprietaireQt debug/promenadeqt.o debug/main.o debug/proprietaireqt.o debug/moc_promenadeqt.o debug/moc_proprietaireqt.o    -L/usr/lib/i386-linux-gnu ../source/Debug/libsource.a -lQtGui -lQtCore -lpthread 
{ test -n "" && DESTDIR="" || DESTDIR=.; } && test $(gdb --version | sed -e 's,[^0-9][^0-9]*\([0-9]\)\.\([0-9]\).*,\1\2,;q') -gt 72 && gdb --nx --batch --quiet -ex 'set confirm off' -ex "save gdb-index $DESTDIR" -ex quit 'ProprietaireQt' && test -f ProprietaireQt.gdb-index && objcopy --add-section '.gdb_index=ProprietaireQt.gdb-index' --set-section-flags '.gdb_index=readonly' 'ProprietaireQt' 'ProprietaireQt' && rm -f ProprietaireQt.gdb-index || true
make[1] : on quitte le répertoire « /home/etudiant/Documents/TP4/ProprietaireQt »
14:11:48 **** Incremental Build of project ProprietaireQt ****
make debug 
make -f Makefile.Debug
make[1] : on entre dans le répertoire « /home/etudiant/Documents/TP4/ProprietaireQt »
/usr/lib/i386-linux-gnu/qt4/bin/uic promenadeqt.ui -o ui_promenadeqt.h
g++ -c -pipe -g -Wall -W -D_REENTRANT -DQT_GUI_LIB -DQT_CORE_LIB -DQT_SHARED -I/usr/share/qt4/mkspecs/linux-g++ -I. -I/usr/include/qt4/QtCore -I/usr/include/qt4/QtGui -I/usr/include/qt4 -I../source -Idebug -I. -o debug/promenadeqt.o promenadeqt.cpp
g++ -c -pipe -g -Wall -W -D_REENTRANT -DQT_GUI_LIB -DQT_CORE_LIB -DQT_SHARED -I/usr/share/qt4/mkspecs/linux-g++ -I. -I/usr/include/qt4/QtCore -I/usr/include/qt4/QtGui -I/usr/include/qt4 -I../source -Idebug -I. -o debug/proprietaireqt.o proprietaireqt.cpp
/usr/lib/i386-linux-gnu/qt4/bin/moc -DQT_GUI_LIB -DQT_CORE_LIB -DQT_SHARED -I/usr/share/qt4/mkspecs/linux-g++ -I. -I/usr/include/qt4/QtCore -I/usr/include/qt4/QtGui -I/usr/include/qt4 -I../source -Idebug -I. promenadeqt.h -o debug/moc_promenadeqt.cpp
g++ -c -pipe -g -Wall -W -D_REENTRANT -DQT_GUI_LIB -DQT_CORE_LIB -DQT_SHARED -I/usr/share/qt4/mkspecs/linux-g++ -I. -I/usr/include/qt4/QtCore -I/usr/include/qt4/QtGui -I/usr/include/qt4 -I../source -Idebug -I. -o debug/moc_promenadeqt.o debug/moc_promenadeqt.cpp
g++  -o ProprietaireQt debug/promenadeqt.o debug/main.o debug/proprietaireqt.o debug/moc_promenadeqt.o debug/moc_proprietaireqt.o    -L/usr/lib/i386-linux-gnu ../source/Debug/libsource.a -lQtGui -lQtCore -lpthread 
{ test -n "" && DESTDIR="" || DESTDIR=.; } && test $(gdb --version | sed -e 's,[^0-9][^0-9]*\([0-9]\)\.\([0-9]\).*,\1\2,;q') -gt 72 && gdb --nx --batch --quiet -ex 'set confirm off' -ex "save gdb-index $DESTDIR" -ex quit 'ProprietaireQt' && test -f ProprietaireQt.gdb-index && objcopy --add-section '.gdb_index=ProprietaireQt.gdb-index' --set-section-flags '.gdb_index=readonly' 'ProprietaireQt' 'ProprietaireQt' && rm -f ProprietaireQt.gdb-index || true
make[1] : on quitte le répertoire « /home/etudiant/Documents/TP4/ProprietaireQt »
14:22:54 **** Incremental Build of project ProprietaireQt ****
make debug 
make -f Makefile.Debug
make[1] : on entre dans le répertoire « /home/etudiant/Documents/TP4/ProprietaireQt »
/usr/lib/i386-linux-gnu/qt4/bin/uic promenadeqt.ui -o ui_promenadeqt.h
g++ -c -pipe -g -Wall -W -D_REENTRANT -DQT_GUI_LIB -DQT_CORE_LIB -DQT_SHARED -I/usr/share/qt4/mkspecs/linux-g++ -I. -I/usr/include/qt4/QtCore -I/usr/include/qt4/QtGui -I/usr/include/qt4 -I../source -Idebug -I. -o debug/promenadeqt.o promenadeqt.cpp
g++ -c -pipe -g -Wall -W -D_REENTRANT -DQT_GUI_LIB -DQT_CORE_LIB -DQT_SHARED -I/usr/share/qt4/mkspecs/linux-g++ -I. -I/usr/include/qt4/QtCore -I/usr/include/qt4/QtGui -I/usr/include/qt4 -I../source -Idebug -I. -o debug/proprietaireqt.o proprietaireqt.cpp
/usr/lib/i386-linux-gnu/qt4/bin/moc -DQT_GUI_LIB -DQT_CORE_LIB -DQT_SHARED -I/usr/share/qt4/mkspecs/linux-g++ -I. -I/usr/include/qt4/QtCore -I/usr/include/qt4/QtGui -I/usr/include/qt4 -I../source -Idebug -I. promenadeqt.h -o debug/moc_promenadeqt.cpp
g++ -c -pipe -g -Wall -W -D_REENTRANT -DQT_GUI_LIB -DQT_CORE_LIB -DQT_SHARED -I/usr/share/qt4/mkspecs/linux-g++ -I. -I/usr/include/qt4/QtCore -I/usr/include/qt4/QtGui -I/usr/include/qt4 -I../source -Idebug -I. -o debug/moc_promenadeqt.o debug/moc_promenadeqt.cpp
g++  -o ProprietaireQt debug/promenadeqt.o debug/main.o debug/proprietaireqt.o debug/moc_promenadeqt.o debug/moc_proprietaireqt.o    -L/usr/lib/i386-linux-gnu ../source/Debug/libsource.a -lQtGui -lQtCore -lpthread 
{ test -n "" && DESTDIR="" || DESTDIR=.; } && test $(gdb --version | sed -e 's,[^0-9][^0-9]*\([0-9]\)\.\([0-9]\).*,\1\2,;q') -gt 72 && gdb --nx --batch --quiet -ex 'set confirm off' -ex "save gdb-index $DESTDIR" -ex quit 'ProprietaireQt' && test -f ProprietaireQt.gdb-index && objcopy --add-section '.gdb_index=ProprietaireQt.gdb-index' --set-section-flags '.gdb_index=readonly' 'ProprietaireQt' 'ProprietaireQt' && rm -f ProprietaireQt.gdb-index || true
make[1] : on quitte le répertoire « /home/etudiant/Documents/TP4/ProprietaireQt »
14:35:13 **** Incremental Build of project ProprietaireQt ****
make debug 
make -f Makefile.Debug
make[1] : on entre dans le répertoire « /home/etudiant/Documents/TP4/ProprietaireQt »
/usr/lib/i386-linux-gnu/qt4/bin/uic promenadeqt.ui -o ui_promenadeqt.h
g++ -c -pipe -g -Wall -W -D_REENTRANT -DQT_GUI_LIB -DQT_CORE_LIB -DQT_SHARED -I/usr/share/qt4/mkspecs/linux-g++ -I. -I/usr/include/qt4/QtCore -I/usr/include/qt4/QtGui -I/usr/include/qt4 -I../source -Idebug -I. -o debug/promenadeqt.o promenadeqt.cpp
promenadeqt.cpp: In constructor ‘promenadeqt::promenadeqt(QWidget*)’:
promenadeqt.cpp:7:22: error: ‘class Ui::promenadeqtClass’ has no member named ‘pushButtonAjouter’; did you mean ‘pushButtonAJouter’?
  QObject::connect(ui.pushButtonAjouter, SIGNAL(clicked()), this, SLOT(validerSaisie()));
                      ^~~~~~~~~~~~~~~~~
                      pushButtonAJouter
promenadeqt.cpp: At global scope:
promenadeqt.cpp:25:13: error: prototype for ‘std::__cxx11::string promenadeqt::reqNbPlaces() const’ does not match any in class ‘promenadeqt’
 std::string promenadeqt::reqNbPlaces() const
             ^~~~~~~~~~~
In file included from promenadeqt.cpp:1:0:
promenadeqt.h:17:6: error: candidate is: int promenadeqt::reqNbPlaces() const
  int reqNbPlaces() const;
      ^~~~~~~~~~~
promenadeqt.cpp:30:6: error: ‘OuvrageQt’ has not been declared
 void OuvrageQt::validerSaisie()
      ^~~~~~~~~
promenadeqt.cpp: In function ‘void validerSaisie()’:
promenadeqt.cpp:32:6: error: ‘ui’ was not declared in this scope
  if (ui.lineEdit_niv->text().isEmpty())
      ^~
promenadeqt.cpp:35:3: error: ‘QMessageBox’ has not been declared
   QMessageBox::information(this, "Message d'erreur", message);
   ^~~~~~~~~~~
promenadeqt.cpp:35:28: error: invalid use of ‘this’ in non-member function
   QMessageBox::information(this, "Message d'erreur", message);
                            ^~~~
promenadeqt.cpp:39:8: error: ‘util’ has not been declared
  if (!(util::validerNiv(this->reqNiv())))
        ^~~~
promenadeqt.cpp:39:25: error: invalid use of ‘this’ in non-member function
  if (!(util::validerNiv(this->reqNiv())))
                         ^~~~
promenadeqt.cpp:42:3: error: ‘QMessageBox’ has not been declared
   QMessageBox::information(this, "Message d'erreur", message);
   ^~~~~~~~~~~
promenadeqt.cpp:42:28: error: invalid use of ‘this’ in non-member function
   QMessageBox::information(this, "Message d'erreur", message);
                            ^~~~
promenadeqt.cpp:48:3: error: ‘accept’ was not declared in this scope
   accept();
   ^~~~~~
make[1]: *** [debug/promenadeqt.o] Error 1
make: *** [debug] Error 2
Makefile.Debug:178: recipe for target 'debug/promenadeqt.o' failed
make[1] : on quitte le répertoire « /home/etudiant/Documents/TP4/ProprietaireQt »
Makefile:50: recipe for target 'debug' failed
14:36:34 **** Incremental Build of project ProprietaireQt ****
make debug 
make -f Makefile.Debug
make[1] : on entre dans le répertoire « /home/etudiant/Documents/TP4/ProprietaireQt »
g++ -c -pipe -g -Wall -W -D_REENTRANT -DQT_GUI_LIB -DQT_CORE_LIB -DQT_SHARED -I/usr/share/qt4/mkspecs/linux-g++ -I. -I/usr/include/qt4/QtCore -I/usr/include/qt4/QtGui -I/usr/include/qt4 -I../source -Idebug -I. -o debug/promenadeqt.o promenadeqt.cpp
promenadeqt.cpp:25:13: error: prototype for ‘std::__cxx11::string promenadeqt::reqNbPlaces() const’ does not match any in class ‘promenadeqt’
 std::string promenadeqt::reqNbPlaces() const
             ^~~~~~~~~~~
In file included from promenadeqt.cpp:1:0:
promenadeqt.h:17:6: error: candidate is: int promenadeqt::reqNbPlaces() const
  int reqNbPlaces() const;
      ^~~~~~~~~~~
promenadeqt.cpp:30:6: error: ‘OuvrageQt’ has not been declared
 void OuvrageQt::validerSaisie()
      ^~~~~~~~~
promenadeqt.cpp: In function ‘void validerSaisie()’:
promenadeqt.cpp:32:6: error: ‘ui’ was not declared in this scope
  if (ui.lineEdit_niv->text().isEmpty())
      ^~
promenadeqt.cpp:35:3: error: ‘QMessageBox’ has not been declared
   QMessageBox::information(this, "Message d'erreur", message);
   ^~~~~~~~~~~
promenadeqt.cpp:35:28: error: invalid use of ‘this’ in non-member function
   QMessageBox::information(this, "Message d'erreur", message);
                            ^~~~
promenadeqt.cpp:39:8: error: ‘util’ has not been declared
  if (!(util::validerNiv(this->reqNiv())))
        ^~~~
promenadeqt.cpp:39:25: error: invalid use of ‘this’ in non-member function
  if (!(util::validerNiv(this->reqNiv())))
                         ^~~~
promenadeqt.cpp:42:3: error: ‘QMessageBox’ has not been declared
   QMessageBox::information(this, "Message d'erreur", message);
   ^~~~~~~~~~~
promenadeqt.cpp:42:28: error: invalid use of ‘this’ in non-member function
   QMessageBox::information(this, "Message d'erreur", message);
                            ^~~~
promenadeqt.cpp:48:3: error: ‘accept’ was not declared in this scope
   accept();
   ^~~~~~
Makefile.Debug:178: recipe for target 'debug/promenadeqt.o' failed
make[1] : on quitte le répertoire « /home/etudiant/Documents/TP4/ProprietaireQt »
make[1]: *** [debug/promenadeqt.o] Error 1
Makefile:50: recipe for target 'debug' failed
make: *** [debug] Error 2
14:37:05 **** Incremental Build of project ProprietaireQt ****
make debug 
make -f Makefile.Debug
make[1] : on entre dans le répertoire « /home/etudiant/Documents/TP4/ProprietaireQt »
g++ -c -pipe -g -Wall -W -D_REENTRANT -DQT_GUI_LIB -DQT_CORE_LIB -DQT_SHARED -I/usr/share/qt4/mkspecs/linux-g++ -I. -I/usr/include/qt4/QtCore -I/usr/include/qt4/QtGui -I/usr/include/qt4 -I../source -Idebug -I. -o debug/promenadeqt.o promenadeqt.cpp
promenadeqt.cpp: In member function ‘int promenadeqt::reqNbPlaces() const’:
promenadeqt.cpp:27:29: error: ‘class QLineEdit’ has no member named ‘value’
  return ui.lineEdit_places->value();
                             ^~~~~
promenadeqt.cpp: At global scope:
promenadeqt.cpp:30:6: error: ‘OuvrageQt’ has not been declared
 void OuvrageQt::validerSaisie()
      ^~~~~~~~~
promenadeqt.cpp: In function ‘void validerSaisie()’:
promenadeqt.cpp:32:6: error: ‘ui’ was not declared in this scope
  if (ui.lineEdit_niv->text().isEmpty())
      ^~
promenadeqt.cpp:35:3: error: ‘QMessageBox’ has not been declared
   QMessageBox::information(this, "Message d'erreur", message);
   ^~~~~~~~~~~
promenadeqt.cpp:35:28: error: invalid use of ‘this’ in non-member function
   QMessageBox::information(this, "Message d'erreur", message);
                            ^~~~
promenadeqt.cpp:39:8: error: ‘util’ has not been declared
  if (!(util::validerNiv(this->reqNiv())))
        ^~~~
promenadeqt.cpp:39:25: error: invalid use of ‘this’ in non-member function
  if (!(util::validerNiv(this->reqNiv())))
                         ^~~~
promenadeqt.cpp:42:3: error: ‘QMessageBox’ has not been declared
   QMessageBox::information(this, "Message d'erreur", message);
   ^~~~~~~~~~~
promenadeqt.cpp:42:28: error: invalid use of ‘this’ in non-member function
   QMessageBox::information(this, "Message d'erreur", message);
                            ^~~~
promenadeqt.cpp:48:3: error: ‘accept’ was not declared in this scope
   accept();
   ^~~~~~
Makefile.Debug:178: recipe for target 'debug/promenadeqt.o' failed
make[1] : on quitte le répertoire « /home/etudiant/Documents/TP4/ProprietaireQt »
make[1]: *** [debug/promenadeqt.o] Error 1
Makefile:50: recipe for target 'debug' failed
make: *** [debug] Error 2
14:41:52 **** Incremental Build of project ProprietaireQt ****
make debug 
make -f Makefile.Debug
make[1] : on entre dans le répertoire « /home/etudiant/Documents/TP4/ProprietaireQt »
/usr/lib/i386-linux-gnu/qt4/bin/uic promenadeqt.ui -o ui_promenadeqt.h
g++ -c -pipe -g -Wall -W -D_REENTRANT -DQT_GUI_LIB -DQT_CORE_LIB -DQT_SHARED -I/usr/share/qt4/mkspecs/linux-g++ -I. -I/usr/include/qt4/QtCore -I/usr/include/qt4/QtGui -I/usr/include/qt4 -I../source -Idebug -I. -o debug/promenadeqt.o promenadeqt.cpp
promenadeqt.cpp:30:6: error: ‘OuvrageQt’ has not been declared
 void OuvrageQt::validerSaisie()
      ^~~~~~~~~
promenadeqt.cpp: In function ‘void validerSaisie()’:
promenadeqt.cpp:32:6: error: ‘ui’ was not declared in this scope
  if (ui.lineEdit_niv->text().isEmpty())
      ^~
promenadeqt.cpp:35:3: error: ‘QMessageBox’ has not been declared
   QMessageBox::information(this, "Message d'erreur", message);
   ^~~~~~~~~~~
promenadeqt.cpp:35:28: error: invalid use of ‘this’ in non-member function
   QMessageBox::information(this, "Message d'erreur", message);
                            ^~~~
promenadeqt.cpp:39:8: error: ‘util’ has not been declared
  if (!(util::validerNiv(this->reqNiv())))
        ^~~~
promenadeqt.cpp:39:25: error: invalid use of ‘this’ in non-member function
  if (!(util::validerNiv(this->reqNiv())))
                         ^~~~
promenadeqt.cpp:42:3: error: ‘QMessageBox’ has not been declared
   QMessageBox::information(this, "Message d'erreur", message);
   ^~~~~~~~~~~
promenadeqt.cpp:42:28: error: invalid use of ‘this’ in non-member function
   QMessageBox::information(this, "Message d'erreur", message);
                            ^~~~
promenadeqt.cpp:48:3: error: ‘accept’ was not declared in this scope
   accept();
   ^~~~~~
Makefile.Debug:178: recipe for target 'debug/promenadeqt.o' failed
make[1] : on quitte le répertoire « /home/etudiant/Documents/TP4/ProprietaireQt »
make[1]: *** [debug/promenadeqt.o] Error 1
Makefile:50: recipe for target 'debug' failed
make: *** [debug] Error 2
14:42:18 **** Incremental Build of project ProprietaireQt ****
make debug 
make -f Makefile.Debug
make[1] : on entre dans le répertoire « /home/etudiant/Documents/TP4/ProprietaireQt »
g++ -c -pipe -g -Wall -W -D_REENTRANT -DQT_GUI_LIB -DQT_CORE_LIB -DQT_SHARED -I/usr/share/qt4/mkspecs/linux-g++ -I. -I/usr/include/qt4/QtCore -I/usr/include/qt4/QtGui -I/usr/include/qt4 -I../source -Idebug -I. -o debug/promenadeqt.o promenadeqt.cpp
promenadeqt.cpp:30:33: error: no ‘void promenadeqt::validerSaisie()’ member function declared in class ‘promenadeqt’
 void promenadeqt::validerSaisie()
                                 ^
make[1]: *** [debug/promenadeqt.o] Error 1
Makefile.Debug:178: recipe for target 'debug/promenadeqt.o' failed
make[1] : on quitte le répertoire « /home/etudiant/Documents/TP4/ProprietaireQt »
Makefile:50: recipe for target 'debug' failed
make: *** [debug] Error 2
14:43:24 **** Incremental Build of project ProprietaireQt ****
make debug 
make -f Makefile.Debug
make[1] : on entre dans le répertoire « /home/etudiant/Documents/TP4/ProprietaireQt »
g++ -c -pipe -g -Wall -W -D_REENTRANT -DQT_GUI_LIB -DQT_CORE_LIB -DQT_SHARED -I/usr/share/qt4/mkspecs/linux-g++ -I. -I/usr/include/qt4/QtCore -I/usr/include/qt4/QtGui -I/usr/include/qt4 -I../source -Idebug -I. -o debug/promenadeqt.o promenadeqt.cpp
promenadeqt.cpp: In member function ‘void promenadeqt::validerSaisie()’:
promenadeqt.cpp:35:3: error: ‘QMessageBox’ has not been declared
   QMessageBox::information(this, "Message d'erreur", message);
   ^~~~~~~~~~~
promenadeqt.cpp:39:8: error: ‘util’ has not been declared
  if (!(util::validerNiv(this->reqNiv())))
        ^~~~
promenadeqt.cpp:42:3: error: ‘QMessageBox’ has not been declared
   QMessageBox::information(this, "Message d'erreur", message);
   ^~~~~~~~~~~
Makefile.Debug:178: recipe for target 'debug/promenadeqt.o' failed
make[1] : on quitte le répertoire « /home/etudiant/Documents/TP4/ProprietaireQt »
Makefile:50: recipe for target 'debug' failed
make[1]: *** [debug/promenadeqt.o] Error 1
make: *** [debug] Error 2
14:46:07 **** Incremental Build of project ProprietaireQt ****
make debug 
make -f Makefile.Debug
make[1] : on entre dans le répertoire « /home/etudiant/Documents/TP4/ProprietaireQt »
g++ -c -pipe -g -Wall -W -D_REENTRANT -DQT_GUI_LIB -DQT_CORE_LIB -DQT_SHARED -I/usr/share/qt4/mkspecs/linux-g++ -I. -I/usr/include/qt4/QtCore -I/usr/include/qt4/QtGui -I/usr/include/qt4 -I../source -Idebug -I. -o debug/promenadeqt.o promenadeqt.cpp
g++ -c -pipe -g -Wall -W -D_REENTRANT -DQT_GUI_LIB -DQT_CORE_LIB -DQT_SHARED -I/usr/share/qt4/mkspecs/linux-g++ -I. -I/usr/include/qt4/QtCore -I/usr/include/qt4/QtGui -I/usr/include/qt4 -I../source -Idebug -I. -o debug/proprietaireqt.o proprietaireqt.cpp
/usr/lib/i386-linux-gnu/qt4/bin/moc -DQT_GUI_LIB -DQT_CORE_LIB -DQT_SHARED -I/usr/share/qt4/mkspecs/linux-g++ -I. -I/usr/include/qt4/QtCore -I/usr/include/qt4/QtGui -I/usr/include/qt4 -I../source -Idebug -I. promenadeqt.h -o debug/moc_promenadeqt.cpp
g++ -c -pipe -g -Wall -W -D_REENTRANT -DQT_GUI_LIB -DQT_CORE_LIB -DQT_SHARED -I/usr/share/qt4/mkspecs/linux-g++ -I. -I/usr/include/qt4/QtCore -I/usr/include/qt4/QtGui -I/usr/include/qt4 -I../source -Idebug -I. -o debug/moc_promenadeqt.o debug/moc_promenadeqt.cpp
g++  -o ProprietaireQt debug/promenadeqt.o debug/main.o debug/proprietaireqt.o debug/moc_promenadeqt.o debug/moc_proprietaireqt.o    -L/usr/lib/i386-linux-gnu ../source/Debug/libsource.a -lQtGui -lQtCore -lpthread 
{ test -n "" && DESTDIR="" || DESTDIR=.; } && test $(gdb --version | sed -e 's,[^0-9][^0-9]*\([0-9]\)\.\([0-9]\).*,\1\2,;q') -gt 72 && gdb --nx --batch --quiet -ex 'set confirm off' -ex "save gdb-index $DESTDIR" -ex quit 'ProprietaireQt' && test -f ProprietaireQt.gdb-index && objcopy --add-section '.gdb_index=ProprietaireQt.gdb-index' --set-section-flags '.gdb_index=readonly' 'ProprietaireQt' 'ProprietaireQt' && rm -f ProprietaireQt.gdb-index || true
make[1] : on quitte le répertoire « /home/etudiant/Documents/TP4/ProprietaireQt »
14:51:03 **** Incremental Build of project ProprietaireQt ****
make debug 
make -f Makefile.Debug
make[1] : on entre dans le répertoire « /home/etudiant/Documents/TP4/ProprietaireQt »
g++ -c -pipe -g -Wall -W -D_REENTRANT -DQT_GUI_LIB -DQT_CORE_LIB -DQT_SHARED -I/usr/share/qt4/mkspecs/linux-g++ -I. -I/usr/include/qt4/QtCore -I/usr/include/qt4/QtGui -I/usr/include/qt4 -I../source -Idebug -I. -o debug/promenadeqt.o promenadeqt.cpp
promenadeqt.cpp: In member function ‘void promenadeqt::validerSaisie()’:
promenadeqt.cpp:55:14: error: ‘validerImmatriculationPromenade’ is not a member of ‘util’
  if (!(util::validerImmatriculationPromenade(this->reqImmatriculation())))
              ^~~~~~~~~~~~~~~~~~~~~~~~~~~~~~~
promenadeqt.cpp:55:14: note: suggested alternative: ‘validationImmatriculationPromenade’
  if (!(util::validerImmatriculationPromenade(this->reqImmatriculation())))
              ^~~~~~~~~~~~~~~~~~~~~~~~~~~~~~~
              validationImmatriculationPromenade
Makefile.Debug:178: recipe for target 'debug/promenadeqt.o' failed
make[1] : on quitte le répertoire « /home/etudiant/Documents/TP4/ProprietaireQt »
make[1]: *** [debug/promenadeqt.o] Error 1
Makefile:50: recipe for target 'debug' failed
make: *** [debug] Error 2
14:51:30 **** Incremental Build of project ProprietaireQt ****
make debug 
make -f Makefile.Debug
make[1] : on entre dans le répertoire « /home/etudiant/Documents/TP4/ProprietaireQt »
g++ -c -pipe -g -Wall -W -D_REENTRANT -DQT_GUI_LIB -DQT_CORE_LIB -DQT_SHARED -I/usr/share/qt4/mkspecs/linux-g++ -I. -I/usr/include/qt4/QtCore -I/usr/include/qt4/QtGui -I/usr/include/qt4 -I../source -Idebug -I. -o debug/promenadeqt.o promenadeqt.cpp
g++  -o ProprietaireQt debug/promenadeqt.o debug/main.o debug/proprietaireqt.o debug/moc_promenadeqt.o debug/moc_proprietaireqt.o    -L/usr/lib/i386-linux-gnu ../source/Debug/libsource.a -lQtGui -lQtCore -lpthread 
{ test -n "" && DESTDIR="" || DESTDIR=.; } && test $(gdb --version | sed -e 's,[^0-9][^0-9]*\([0-9]\)\.\([0-9]\).*,\1\2,;q') -gt 72 && gdb --nx --batch --quiet -ex 'set confirm off' -ex "save gdb-index $DESTDIR" -ex quit 'ProprietaireQt' && test -f ProprietaireQt.gdb-index && objcopy --add-section '.gdb_index=ProprietaireQt.gdb-index' --set-section-flags '.gdb_index=readonly' 'ProprietaireQt' 'ProprietaireQt' && rm -f ProprietaireQt.gdb-index || true
make[1] : on quitte le répertoire « /home/etudiant/Documents/TP4/ProprietaireQt »
